\BOOKMARK [1][]{section.1}{\376\377\0001\000\040\000O\000g\000\363\000l\000n\000e\000\040\000o\000k\000r\000e\001\133\000l\000e\000n\000i\000e\000\040\000w\000y\000m\000a\000g\000a\001\104\000\040\000p\000r\000o\000j\000e\000k\000t\000u}{}% 1
\BOOKMARK [2][-]{subsection.1.1}{\376\377\0001\000.\0001\000\040\000O\000g\000\363\000l\000n\000y\000\040\000z\000a\000r\000y\000s\000\040\000w\000y\000m\000a\000g\000a\001\104}{section.1}% 2
\BOOKMARK [2][-]{subsection.1.2}{\376\377\0001\000.\0002\000\040\000W\000y\000k\000o\000r\000z\000y\000s\000t\000a\000n\000e\000\040\000c\000z\000u\000j\000n\000i\000k\000i}{section.1}% 3
\BOOKMARK [2][-]{subsection.1.3}{\376\377\0001\000.\0003\000\040\000Z\000a\000r\000y\000s\000\040\000i\000n\000t\000e\000r\000f\000e\000j\000s\000u}{section.1}% 4
\BOOKMARK [1][]{section.2}{\376\377\0002\000\040\000O\000k\000r\000e\001\133\000l\000e\000n\000i\000e\000\040\000w\000y\000m\000a\000g\000a\001\104\000\040\000s\000z\000c\000z\000e\000g\000\363\001\102\000o\000w\000y\000c\000h}{}% 5
\BOOKMARK [2][-]{subsection.2.1}{\376\377\0002\000.\0001\000\040\000O\000g\000\363\000l\000n\000y\000\040\000o\000p\000i\000s\000\040\000w\000y\000m\000a\000g\000a\001\104\000\040\000p\000r\000o\000j\000e\000k\000t\000u}{section.2}% 6
\BOOKMARK [2][-]{subsection.2.2}{\376\377\0002\000.\0002\000\040\000O\000g\000\363\000l\000n\000y\000\040\000z\000a\000r\000y\000s\000\040\000n\000a\000r\000z\001\031\000d\000z\000i\000\040\000u\001\174\000y\000t\000y\000c\000h\000\040\000w\000\040\000p\000r\000o\000j\000e\000k\000c\000i\000e}{section.2}% 7
\BOOKMARK [3][-]{subsubsection.2.2.1}{\376\377\0002\000.\0002\000.\0001\000\040\000A\000n\000d\000r\000o\000i\000d\000\040\000S\000t\000u\000d\000i\000o}{subsection.2.2}% 8
\BOOKMARK [3][-]{subsubsection.2.2.2}{\376\377\0002\000.\0002\000.\0002\000\040\000K\000o\000t\000l\000i\000n}{subsection.2.2}% 9
\BOOKMARK [2][-]{subsection.2.3}{\376\377\0002\000.\0003\000\040\000W\000y\000k\000o\000r\000z\000y\000s\000t\000a\000n\000i\000e\000\040\000c\000z\000u\000j\000n\000i\000k\000\363\000w}{section.2}% 10
\BOOKMARK [2][-]{subsection.2.4}{\376\377\0002\000.\0004\000\040\000Z\000a\000c\000h\000o\000w\000a\000n\000i\000e\000\040\000w\000\040\000n\000i\000e\000p\000o\001\174\001\005\000d\000a\000n\000y\000c\000h\000\040\000s\000y\000t\000u\000a\000c\000j\000a\000c\000h}{section.2}% 11
\BOOKMARK [2][-]{subsection.2.5}{\376\377\0002\000.\0005\000\040\000D\000a\000l\000s\000z\000y\000\040\000r\000o\000z\000w\000\363\000j}{section.2}% 12
\BOOKMARK [1][]{section.3}{\376\377\0003\000\040\000P\000r\000o\000j\000e\000k\000t\000o\000w\000a\000n\000i\000e}{}% 13
\BOOKMARK [2][-]{subsection.3.1}{\376\377\0003\000.\0001\000\040\000Z\000a\001\102\000o\001\174\000e\000n\000i\000e\000\040\000p\000r\000o\000g\000r\000a\000m\000u}{section.3}% 14
\BOOKMARK [2][-]{subsection.3.2}{\376\377\0003\000.\0002\000\040\000P\000r\000z\000e\000d\000s\000t\000a\000w\000i\000e\000n\000i\000e\000\040\000m\000e\000n\000u}{section.3}% 15
\BOOKMARK [2][-]{subsection.3.3}{\376\377\0003\000.\0003\000\040\000O\000d\000c\000z\000y\000t\000\040\000i\000\040\000p\000r\000z\000e\000t\000w\000a\000r\000z\000a\000n\000i\000e\000\040\000p\000l\000i\000k\000\363\000w}{section.3}% 16
\BOOKMARK [2][-]{subsection.3.4}{\376\377\0003\000.\0004\000\040\000S\000t\000r\000u\000k\000t\000u\000r\000a\000\040\000b\000a\000z\000y\000\040\000d\000a\000n\000y\000c\000h}{section.3}% 17
\BOOKMARK [3][-]{subsubsection.3.4.1}{\376\377\0003\000.\0004\000.\0001\000\040\000O\000g\000\363\000l\000n\000y\000\040\000o\000p\000i\000s}{subsection.3.4}% 18
\BOOKMARK [3][-]{subsubsection.3.4.2}{\376\377\0003\000.\0004\000.\0002\000\040\000O\000p\000i\000s\000\040\000p\000\363\000l\000\040\000t\000a\000b\000e\000l}{subsection.3.4}% 19
\BOOKMARK [4][-]{paragraph.3.4.2.1}{\376\377\0003\000.\0004\000.\0002\000.\0001\000\040\000A\000u\000t\000o\000r\000z\000y}{subsubsection.3.4.2}% 20
\BOOKMARK [4][-]{paragraph.3.4.2.2}{\376\377\0003\000.\0004\000.\0002\000.\0002\000\040\000A\000l\000b\000u\000m\000y}{subsubsection.3.4.2}% 21
\BOOKMARK [4][-]{paragraph.3.4.2.3}{\376\377\0003\000.\0004\000.\0002\000.\0003\000\040\000P\000i\000o\000s\000e\000n\000k\000i}{subsubsection.3.4.2}% 22
\BOOKMARK [3][-]{subsubsection.3.4.3}{\376\377\0003\000.\0004\000.\0003\000\040\000R\000e\000l\000a\000c\000j\000e\000\040\000w\000\040\000b\000a\000z\000i\000e}{subsection.3.4}% 23
\BOOKMARK [2][-]{subsection.3.5}{\376\377\0003\000.\0005\000\040\000C\000z\000u\000j\000n\000i\000k\000\040\001\133\000w\000i\000a\000t\001\102\000a}{section.3}% 24
\BOOKMARK [2][-]{subsection.3.6}{\376\377\0003\000.\0006\000\040\000U\000w\000i\000e\000r\000z\000y\000t\000e\000l\000n\000i\000a\000n\000i\000e\000\040\000b\000i\000o\000m\000e\000t\000r\000i\001\005}{section.3}% 25
\BOOKMARK [2][-]{subsection.3.7}{\376\377\0003\000.\0007\000\040\001\101\000a\000d\000o\000w\000a\000n\000i\000e\000\040\000o\000b\000r\000a\000z\000\363\000w\000\040\000a\000l\000b\000u\000m\000\363\000w}{section.3}% 26
\BOOKMARK [1][]{section.4}{\376\377\0004\000\040\000I\000m\000p\000l\000e\000m\000e\000n\000t\000a\000c\000j\000a}{}% 27
\BOOKMARK [2][-]{subsection.4.1}{\376\377\0004\000.\0001\000\040\000Z\000a\000r\000z\001\005\000d\000z\000a\000n\000i\000e\000\040\000b\000a\000z\001\005\000\040\000d\000a\000n\000y\000c\000h}{section.4}% 28
\BOOKMARK [3][-]{subsubsection.4.1.1}{\376\377\0004\000.\0001\000.\0001\000\040\000K\000l\000a\000s\000a\000\040\000D\000a\000t\000a\000b\000a\000s\000e\000M\000a\000n\000a\000g\000e\000r}{subsection.4.1}% 29
\BOOKMARK [3][-]{subsubsection.4.1.2}{\376\377\0004\000.\0001\000.\0002\000\040\000K\000l\000a\000s\000a\000\040\000L\000i\000b\000r\000a\000r\000y\000D\000b}{subsection.4.1}% 30
\BOOKMARK [3][-]{subsubsection.4.1.3}{\376\377\0004\000.\0001\000.\0003\000\040\000O\000b\000i\000e\000k\000t\000y\000\040\000D\000a\000o}{subsection.4.1}% 31
\BOOKMARK [3][-]{subsubsection.4.1.4}{\376\377\0004\000.\0001\000.\0004\000\040\000T\000a\000b\000e\000l\000e}{subsection.4.1}% 32
\BOOKMARK [3][-]{subsubsection.4.1.5}{\376\377\0004\000.\0001\000.\0005\000\040\000R\000e\000l\000a\000c\000j\000e}{subsection.4.1}% 33
\BOOKMARK [4][-]{paragraph.4.1.5.1}{\376\377\0004\000.\0001\000.\0005\000.\0001\000\040\000A\000l\000b\000u\000m\000W\000i\000t\000h\000S\000o\000n\000g\000s}{subsubsection.4.1.5}% 34
\BOOKMARK [4][-]{paragraph.4.1.5.3}{\376\377\0004\000.\0001\000.\0005\000.\0003\000\040\000A\000l\000b\000u\000m\000W\000i\000t\000h\000A\000u\000t\000h\000o\000r\000s\000\040\000i\000\040\000A\000u\000t\000h\000o\000r\000W\000i\000t\000h\000A\000l\000b\000u\000m\000s}{subsubsection.4.1.5}% 35
\BOOKMARK [2][-]{subsection.4.2}{\376\377\0004\000.\0002\000\040\000A\000u\000t\000o\000r\000y\000z\000a\000c\000j\000a\000\040\000o\000d\000c\000i\000s\000k\000i\000e\000m\000\040\000p\000a\000l\000c\000a}{section.4}% 36
\BOOKMARK [2][-]{subsection.4.3}{\376\377\0004\000.\0003\000\040\000O\000d\000c\000z\000y\000t\000\040\000i\000\040\000p\000r\000z\000e\000t\000w\000a\000r\000z\000a\000n\000i\000e\000\040\000p\000l\000i\000k\000\363\000w}{section.4}% 37
\BOOKMARK [3][-]{subsubsection.4.3.1}{\376\377\0004\000.\0003\000.\0001\000\040\000T\000a\000g\000\040\000E\000x\000t\000r\000a\000c\000t\000o\000r}{subsection.4.3}% 38
\BOOKMARK [3][-]{subsubsection.4.3.2}{\376\377\0004\000.\0003\000.\0002\000\040\000M\000u\000s\000i\000c\000F\000i\000l\000e\000L\000o\000a\000d\000e\000r}{subsection.4.3}% 39
\BOOKMARK [2][-]{subsection.4.4}{\376\377\0004\000.\0004\000\040\000N\000a\000v\000H\000o\000s\000t}{section.4}% 40
\BOOKMARK [1][]{section.5}{\376\377\0005\000\040\000I\000m\000p\000l\000e\000m\000e\000n\000t\000a\000c\000j\000a}{}% 41
\BOOKMARK [2][-]{subsection.5.1}{\376\377\0005\000.\0001\000\040\000Z\000a\000r\000z\001\005\000d\000z\000a\000n\000i\000e\000\040\000b\000a\000z\001\005\000\040\000d\000a\000n\000y\000c\000h}{section.5}% 42
\BOOKMARK [3][-]{subsubsection.5.1.1}{\376\377\0005\000.\0001\000.\0001\000\040\000K\000l\000a\000s\000a\000\040\000D\000a\000t\000a\000b\000a\000s\000e\000M\000a\000n\000a\000g\000e\000r}{subsection.5.1}% 43
\BOOKMARK [3][-]{subsubsection.5.1.2}{\376\377\0005\000.\0001\000.\0002\000\040\000K\000l\000a\000s\000a\000\040\000L\000i\000b\000r\000a\000r\000y\000D\000b}{subsection.5.1}% 44
\BOOKMARK [3][-]{subsubsection.5.1.3}{\376\377\0005\000.\0001\000.\0003\000\040\000O\000b\000i\000e\000k\000t\000y\000\040\000D\000a\000o}{subsection.5.1}% 45
\BOOKMARK [3][-]{subsubsection.5.1.4}{\376\377\0005\000.\0001\000.\0004\000\040\000T\000a\000b\000e\000l\000e}{subsection.5.1}% 46
\BOOKMARK [3][-]{subsubsection.5.1.5}{\376\377\0005\000.\0001\000.\0005\000\040\000R\000e\000l\000a\000c\000j\000e}{subsection.5.1}% 47
\BOOKMARK [4][-]{paragraph.5.1.5.1}{\376\377\0005\000.\0001\000.\0005\000.\0001\000\040\000A\000l\000b\000u\000m\000W\000i\000t\000h\000S\000o\000n\000g\000s}{subsubsection.5.1.5}% 48
\BOOKMARK [4][-]{paragraph.5.1.5.3}{\376\377\0005\000.\0001\000.\0005\000.\0003\000\040\000A\000l\000b\000u\000m\000W\000i\000t\000h\000A\000u\000t\000h\000o\000r\000s\000\040\000i\000\040\000A\000u\000t\000h\000o\000r\000W\000i\000t\000h\000A\000l\000b\000u\000m\000s}{subsubsection.5.1.5}% 49
\BOOKMARK [2][-]{subsection.5.2}{\376\377\0005\000.\0002\000\040\000C\000z\000u\000j\000n\000i\000k\000\040\001\133\000w\000i\000a\000t\001\102\000a}{section.5}% 50
\BOOKMARK [2][-]{subsection.5.3}{\376\377\0005\000.\0003\000\040\000A\000u\000t\000o\000r\000y\000z\000a\000c\000j\000a\000\040\000o\000d\000c\000i\000s\000k\000i\000e\000m\000\040\000p\000a\000l\000c\000a}{section.5}% 51
\BOOKMARK [2][-]{subsection.5.4}{\376\377\0005\000.\0004\000\040\000O\000d\000c\000z\000y\000t\000\040\000i\000\040\000p\000r\000z\000e\000t\000w\000a\000r\000z\000a\000n\000i\000e\000\040\000p\000l\000i\000k\000\363\000w}{section.5}% 52
\BOOKMARK [3][-]{subsubsection.5.4.1}{\376\377\0005\000.\0004\000.\0001\000\040\000T\000a\000g\000\040\000E\000x\000t\000r\000a\000c\000t\000o\000r}{subsection.5.4}% 53
\BOOKMARK [3][-]{subsubsection.5.4.2}{\376\377\0005\000.\0004\000.\0002\000\040\000M\000u\000s\000i\000c\000F\000i\000l\000e\000L\000o\000a\000d\000e\000r}{subsection.5.4}% 54
\BOOKMARK [2][-]{subsection.5.5}{\376\377\0005\000.\0005\000\040\001\101\000a\000d\000o\000w\000a\000n\000i\000e\000\040\000o\000b\000r\000a\000z\000\363\000w\000\040\000a\000l\000b\000u\000m\000\363\000w}{section.5}% 55
\BOOKMARK [1][]{section.6}{\376\377\0006\000\040\000T\000e\000s\000t\000o\000w\000a\000n\000i\000e}{}% 56
\BOOKMARK [1][]{section.7}{\376\377\0007\000\040\000P\000o\000d\000r\001\031\000c\000z\000n\000i\000k\000\040\000u\001\174\000y\000t\000k\000o\000w\000n\000i\000k\000a}{}% 57
\BOOKMARK [1][]{figure.caption.16}{\376\377\000L\000i\000t\000e\000r\000a\000t\000u\000r\000a}{}% 58
\BOOKMARK [1][]{section*.17}{\376\377\000S\000p\000i\000s\000\040\000r\000y\000s\000u\000n\000k\000\363\000w}{}% 59
\BOOKMARK [1][]{section*.17}{\376\377\000S\000p\000i\000s\000\040\000t\000a\000b\000e\000l}{}% 60
\BOOKMARK [1][]{section*.17}{\376\377\000S\000p\000i\000s\000\040\000l\000i\000s\000t\000i\000n\000g\000\363\000w}{}% 61
